{"email":"qpapple@yahoo.com","level":"info","line":"server/userHandler.go:527","msg":"Reset password email sent","time":"2021-06-26T00:48:22+08:00"}
{"level":"error","line":"server/userHandler.go:453","msg":"password cannot be blank","time":"2021-06-26T00:50:32+08:00"}
{"hashemail":"$2a$04$5edk9rp.mxD8snHHConoDesXfgOR6LnBjdCziqoCv6LZ5eUkDkIUO","level":"error","line":"server/userHandler.go:444","msg":"user account not found to reset password","time":"2021-06-26T01:01:20+08:00"}
{"email":"qpamanda@gmail.com","level":"info","line":"server/userHandler.go:535","msg":"Reset password email sent","time":"2021-06-26T01:02:39+08:00"}
{"email":"qpamanda@gmail.com","level":"info","line":"server/userHandler.go:535","msg":"Reset password email sent","time":"2021-06-26T01:04:04+08:00"}
{"level":"error","line":"server/userHandler.go:460","msg":"password must be between 8 - 25 characters","time":"2021-06-26T01:05:23+08:00"}
{"level":"info","line":"server/userHandler.go:482","msg":"[qpamanda] password reset successfully","time":"2021-06-26T01:06:17+08:00","userName":"qpamanda"}
{"level":"info","line":"server/handler.go:62","msg":"[qpamanda] user login successfully","time":"2021-06-26T01:06:42+08:00","userName":"qpamanda"}
{"level":"info","line":"server/userHandler.go:576","msg":"[qpamanda] user logout successfully","time":"2021-06-26T01:06:54+08:00","userName":"qpamanda"}
{"email":"qpapple@yahoo.com","level":"info","line":"server/userHandler.go:546","msg":"Reset password email sent","time":"2021-06-26T01:31:44+08:00"}
{"hashemail":"$2a$04$ihgywQcQ.cbdQy0rly1MwuD1JlPx26eAq8N7h1Qo.6M9QzX/zYHVe","level":"error","line":"server/userHandler.go:444","msg":"user account not found to reset password","time":"2021-06-26T01:31:53+08:00"}
{"level":"error","line":"server/userHandler.go:90","msg":"[qiupingsu] email already taken","time":"2021-06-26T01:57:23+08:00"}
{"level":"info","line":"server/userHandler.go:147","msg":"[qiupingsu] user account created successfully","repId":5129,"time":"2021-06-26T01:57:29+08:00","userName":"qiupingsu"}
{"level":"info","line":"server/handler.go:62","msg":"[qpamanda] user login successfully","time":"2021-06-26T02:11:59+08:00","userName":"qpamanda"}
{"level":"info","line":"server/userHandler.go:278","msg":"[qpamanda] user account updated successfully","time":"2021-06-26T02:12:07+08:00","userName":"qpamanda"}
{"level":"error","line":"server/userHandler.go:252","msg":"[qpamanda] email already taken","time":"2021-06-26T02:12:24+08:00"}
{"level":"error","line":"server/userHandler.go:252","msg":"[qpamanda] email already taken","time":"2021-06-26T02:12:42+08:00"}
{"level":"error","line":"server/userHandler.go:252","msg":"[qpamanda] email already taken","time":"2021-06-26T02:12:44+08:00"}
{"level":"error","line":"server/userHandler.go:252","msg":"[qpamanda] email already taken","time":"2021-06-26T02:12:45+08:00"}
{"level":"info","line":"server/userHandler.go:278","msg":"[qpamanda] user account updated successfully","time":"2021-06-26T02:12:59+08:00","userName":"qpamanda"}
{"level":"info","line":"server/userHandler.go:278","msg":"[qpamanda] user account updated successfully","time":"2021-06-26T02:13:19+08:00","userName":"qpamanda"}
{"level":"info","line":"server/userHandler.go:278","msg":"[qpamanda] user account updated successfully","time":"2021-06-26T02:13:28+08:00","userName":"qpamanda"}
{"level":"error","line":"server/userHandler.go:252","msg":"[qpamanda] email already taken","time":"2021-06-26T02:13:46+08:00"}
{"level":"error","line":"server/userHandler.go:252","msg":"[qpamanda] email already taken","time":"2021-06-26T02:14:04+08:00"}
{"level":"error","line":"server/userHandler.go:252","msg":"[qpamanda] email already taken","time":"2021-06-26T02:14:05+08:00"}
{"level":"error","line":"server/userHandler.go:252","msg":"[qpamanda] email already taken","time":"2021-06-26T02:18:39+08:00"}
{"level":"info","line":"server/userHandler.go:614","msg":"[qpamanda] user logout successfully","time":"2021-06-26T02:18:43+08:00","userName":"qpamanda"}
{"email":"qpapple@yahoo.com","level":"info","line":"server/userHandler.go:556","msg":"Reset password email sent","time":"2021-06-26T02:22:07+08:00"}
{"hashemail":"$2a$04$4IdHhzNoQyh3FA8sbFocr.JJK/UH01.JCk4Pn5A2oBJ2GwppSuMAK","level":"error","line":"server/userHandler.go:451","msg":"user account not found to reset password","time":"2021-06-26T02:22:55+08:00"}
{"level":"error","line":"server/userHandler.go:79","msg":"username cannot be blank","time":"2021-06-26T02:23:21+08:00"}
{"level":"error","line":"server/userHandler.go:79","msg":"contact no cannot be blank","time":"2021-06-26T02:24:02+08:00"}
{"level":"info","line":"server/userHandler.go:146","msg":"[eeeeeyo] user account created successfully","repId":2535,"time":"2021-06-26T02:24:11+08:00","userName":"eeeeeyo"}
{"level":"info","line":"server/handler.go:62","msg":"[eeeeeyo] user login successfully","time":"2021-06-26T02:27:02+08:00","userName":"eeeeeyo"}
{"level":"error","line":"server/userHandler.go:251","msg":"[eeeeeyo] email already taken","time":"2021-06-26T02:27:27+08:00"}
{"level":"info","line":"server/userHandler.go:277","msg":"[eeeeeyo] user account updated successfully","time":"2021-06-26T02:27:40+08:00","userName":"eeeeeyo"}
{"level":"info","line":"server/handler.go:62","msg":"[admin] user login successfully","time":"2021-06-26T12:11:17+08:00","userName":"admin"}
{"level":"info","line":"server/userHandler.go:611","msg":"[admin] user logout successfully","time":"2021-06-26T12:14:11+08:00","userName":"admin"}
{"level":"info","line":"server/handler.go:62","msg":"[admin] user login successfully","time":"2021-06-26T12:14:30+08:00","userName":"admin"}
{"level":"info","line":"server/handler.go:62","msg":"[admin] user login successfully","time":"2021-06-26T16:22:19+08:00","userName":"admin"}
