{"level":"info","line":"server/handler.go:66","msg":"[admin] user login successfully","time":"2021-06-22T00:18:13+08:00","userName":"admin"}
{"level":"info","line":"server/handler.go:68","msg":"[admin] user login successfully","time":"2021-06-22T01:06:02+08:00","userName":"admin"}
{"level":"info","line":"server/userHandler.go:314","msg":"[admin] user logout successfully","time":"2021-06-22T01:06:36+08:00","userName":"admin"}
{"level":"error","line":"server/handler.go:51","msg":"username and/or password do not match","time":"2021-06-22T01:13:46+08:00"}
{"level":"info","line":"server/handler.go:68","msg":"[admin] user login successfully","time":"2021-06-22T01:13:52+08:00","userName":"admin"}
{"level":"info","line":"server/userHandler.go:315","msg":"[admin] user logout successfully","time":"2021-06-22T01:13:54+08:00","userName":"admin"}
{"level":"info","line":"server/handler.go:68","msg":"[admin] user login successfully","time":"2021-06-22T09:40:08+08:00","userName":"admin"}
{"level":"info","line":"server/handler.go:68","msg":"[admin] user login successfully","time":"2021-06-22T10:30:18+08:00","userName":"admin"}
{"level":"info","line":"server/userHandler.go:314","msg":"[admin] user logout successfully","time":"2021-06-22T10:30:29+08:00","userName":"admin"}
{"level":"error","line":"server/userHandler.go:61","msg":"username cannot be blank","time":"2021-06-22T10:32:30+08:00"}
{"level":"error","line":"server/userHandler.go:61","msg":"username must be between 5 - 25 characters","time":"2021-06-22T10:32:54+08:00"}
{"level":"error","line":"server/userHandler.go:61","msg":"password cannot be blank","time":"2021-06-22T10:33:00+08:00"}
{"level":"error","line":"server/userHandler.go:61","msg":"password must have at least one numeric character","time":"2021-06-22T10:33:05+08:00"}
{"level":"error","line":"server/userHandler.go:61","msg":"password must have at least one special character","time":"2021-06-22T10:33:12+08:00"}
{"level":"error","line":"server/userHandler.go:61","msg":"confirm password cannot be blank","time":"2021-06-22T10:33:16+08:00"}
{"level":"error","line":"server/userHandler.go:61","msg":"first name cannot be blank","time":"2021-06-22T10:33:21+08:00"}
{"level":"error","line":"server/userHandler.go:61","msg":"email cannot be blank","time":"2021-06-22T10:33:29+08:00"}
{"level":"error","line":"server/userHandler.go:61","msg":"invalid email","time":"2021-06-22T10:33:31+08:00"}
{"level":"error","line":"server/userHandler.go:61","msg":"invalid email","time":"2021-06-22T10:33:35+08:00"}
{"level":"error","line":"server/userHandler.go:61","msg":"contact no cannot be blank","time":"2021-06-22T10:33:45+08:00"}
{"level":"info","line":"server/userHandler.go:107","msg":"[amanda] user account created successfully","repId":6397,"time":"2021-06-22T10:34:13+08:00","userName":"amanda"}
{"level":"info","line":"server/userHandler.go:314","msg":"[amanda] user logout successfully","time":"2021-06-22T10:36:37+08:00","userName":"amanda"}
{"level":"info","line":"server/handler.go:68","msg":"[admin] user login successfully","time":"2021-06-22T10:36:41+08:00","userName":"admin"}
{"level":"info","line":"server/userHandler.go:314","msg":"[admin] user logout successfully","time":"2021-06-22T10:36:43+08:00","userName":"admin"}
{"level":"info","line":"server/handler.go:68","msg":"[amanda] user login successfully","time":"2021-06-22T10:36:50+08:00","userName":"amanda"}
{"level":"info","line":"server/userHandler.go:314","msg":"[amanda] user logout successfully","time":"2021-06-22T10:44:21+08:00","userName":"amanda"}
{"level":"error","line":"server/userHandler.go:59","msg":"password must have at least one numeric character","time":"2021-06-22T11:29:27+08:00"}
{"level":"error","line":"server/userHandler.go:59","msg":"confirm password must be the same as password","time":"2021-06-22T11:29:37+08:00"}
{"level":"error","line":"server/userHandler.go:59","msg":"first name cannot be blank","time":"2021-06-22T11:29:44+08:00"}
{"level":"info","line":"server/userHandler.go:113","msg":"[qpamanda] user account created successfully","repId":3284,"time":"2021-06-22T11:30:18+08:00","userName":"qpamanda"}
{"level":"info","line":"server/userHandler.go:321","msg":"[qpamanda] user logout successfully","time":"2021-06-22T11:31:38+08:00","userName":"qpamanda"}
{"level":"error","line":"server/userHandler.go:60","msg":"username cannot be blank","time":"2021-06-22T20:07:29+08:00"}
{"level":"error","line":"server/userHandler.go:60","msg":"username cannot be blank","time":"2021-06-22T20:07:33+08:00"}
{"level":"error","line":"server/userHandler.go:65","msg":"username cannot be blank","time":"2021-06-22T22:19:59+08:00"}
{"level":"error","line":"server/userHandler.go:65","msg":"username cannot be blank","time":"2021-06-22T22:20:09+08:00"}
{"level":"error","line":"server/userHandler.go:68","msg":"username cannot be blank","time":"2021-06-22T22:26:16+08:00"}
{"level":"error","line":"server/userHandler.go:68","msg":"username cannot be blank","time":"2021-06-22T22:26:35+08:00"}
{"level":"error","line":"server/userHandler.go:68","msg":"username cannot be blank","time":"2021-06-22T22:27:26+08:00"}
{"level":"error","line":"server/userHandler.go:68","msg":"username cannot be blank","time":"2021-06-22T22:27:47+08:00"}
{"level":"error","line":"server/userHandler.go:68","msg":"username cannot be blank","time":"2021-06-22T22:27:56+08:00"}
{"level":"error","line":"server/userHandler.go:68","msg":"username cannot be blank","time":"2021-06-22T22:28:04+08:00"}
{"level":"error","line":"server/userHandler.go:69","msg":"username cannot be blank","time":"2021-06-22T22:36:47+08:00"}
{"level":"error","line":"server/userHandler.go:69","msg":"username cannot be blank","time":"2021-06-22T22:36:55+08:00"}
{"level":"error","line":"server/userHandler.go:69","msg":"username cannot be blank","time":"2021-06-22T22:37:16+08:00"}
{"level":"error","line":"server/userHandler.go:69","msg":"username cannot be blank","time":"2021-06-22T23:00:30+08:00"}
{"level":"error","line":"server/userHandler.go:69","msg":"username cannot be blank","time":"2021-06-22T23:00:40+08:00"}
{"level":"error","line":"server/userHandler.go:79","msg":"username cannot be blank","time":"2021-06-22T23:10:24+08:00"}
{"level":"error","line":"server/userHandler.go:79","msg":"username cannot be blank","time":"2021-06-22T23:10:26+08:00"}
{"level":"error","line":"server/userHandler.go:79","msg":"username cannot be blank","time":"2021-06-22T23:10:29+08:00"}
{"level":"error","line":"server/userHandler.go:79","msg":"username cannot be blank","time":"2021-06-22T23:10:44+08:00"}
{"level":"error","line":"server/userHandler.go:79","msg":"username cannot be blank","time":"2021-06-22T23:11:09+08:00"}
{"level":"info","line":"server/userHandler.go:135","msg":"[gummybear] user account created successfully","repId":7900,"time":"2021-06-23T00:19:32+08:00","userName":"gummybear"}
