{"level":"info","line":"server/userHandler.go:85","msg":"[user1] user account created successfully","time":"2021-06-25T00:09:38+08:00","userName":"user1"}
{"createdBy":"userFN userLN","createdDT":"2021-06-25T00:10:07.678969+08:00","level":"info","line":"server/requestHandler.go:124","msg":"Request successfully added","repID":1,"reqDetails":{"RequestDescription":"$20.00","ToCompleteBy":"2021-06-25T13:00:00+08:00","FulfilAt":"nil"},"time":"2021-06-25T00:10:07+08:00"}
{"level":"info","line":"server/userHandler.go:85","msg":"[user1] user account created successfully","time":"2021-06-25T00:11:25+08:00","userName":"user1"}
{"createdBy":"userFN userLN","createdDT":"2021-06-25T00:11:42.915334+08:00","level":"info","line":"server/requestHandler.go:124","msg":"Request successfully added","repID":1,"reqDetails":{"RequestDescription":"Frying Pan","ToCompleteBy":"2021-06-25T00:11:00+08:00","FulfilAt":"nil"},"time":"2021-06-25T00:11:42+08:00"}
{"level":"info","line":"server/handler.go:60","msg":"[admin] user login successfully","time":"2021-06-25T00:15:28+08:00","userName":"admin"}
{"level":"info","line":"server/handler.go:60","msg":"[admin] user login successfully","time":"2021-06-25T00:16:21+08:00","userName":"admin"}
{"level":"info","line":"server/handler.go:60","msg":"[admin] user login successfully","time":"2021-06-25T00:18:58+08:00","userName":"admin"}
{"level":"info","line":"server/handler.go:60","msg":"[admin] user login successfully","time":"2021-06-25T00:24:53+08:00","userName":"admin"}
{"level":"info","line":"server/handler.go:60","msg":"[admin] user login successfully","time":"2021-06-25T00:29:25+08:00","userName":"admin"}
{"level":"info","line":"server/handler.go:60","msg":"[admin] user login successfully","time":"2021-06-25T00:34:09+08:00","userName":"admin"}
{"level":"info","line":"server/handler.go:60","msg":"[admin] user login successfully","time":"2021-06-25T00:36:52+08:00","userName":"admin"}
{"level":"info","line":"server/handler.go:60","msg":"[admin] user login successfully","time":"2021-06-25T00:38:36+08:00","userName":"admin"}
{"level":"info","line":"server/handler.go:60","msg":"[admin] user login successfully","time":"2021-06-25T00:39:55+08:00","userName":"admin"}
{"deleteDT":"2021-06-25T00:40:18.873518+08:00","description":"Frying Pan","level":"info","line":"server/requestHandler.go:208","msg":"Request successfully deleted","recipient":"Jimmy","repID":5221,"requestID":3,"time":"2021-06-25T00:40:18+08:00"}
{"level":"info","line":"server/handler.go:60","msg":"[admin] user login successfully","time":"2021-06-25T00:42:55+08:00","userName":"admin"}
{"level":"info","line":"server/handler.go:60","msg":"[admin] user login successfully","time":"2021-06-25T10:37:03+08:00","userName":"admin"}
{"level":"info","line":"server/userHandler.go:85","msg":"[user1] user account created successfully","time":"2021-06-25T10:38:13+08:00","userName":"user1"}
{"createdBy":"userFN userLN","createdDT":"2021-06-25T10:39:43.671376+08:00","level":"info","line":"server/requestHandler.go:124","msg":"Request successfully added","repID":1,"reqDetails":{"RequestDescription":"Get lunch","ToCompleteBy":"2021-06-25T10:40:00+08:00","FulfilAt":"7 Changi Rd"},"time":"2021-06-25T10:39:43+08:00"}
{"level":"info","line":"server/userHandler.go:85","msg":"[user1] user account created successfully","time":"2021-06-25T17:19:04+08:00","userName":"user1"}
{"level":"info","line":"server/userHandler.go:85","msg":"[user1] user account created successfully","time":"2021-06-25T17:24:57+08:00","userName":"user1"}
{"level":"fatal","line":"server/server.go:153","msg":"FATAL: ListenAndServeTLS - listen tcp :5221: bind: address already in use","time":"2021-06-25T17:26:28+08:00"}
{"level":"fatal","line":"server/server.go:153","msg":"FATAL: ListenAndServeTLS - listen tcp :5221: bind: address already in use","time":"2021-06-25T17:27:27+08:00"}
{"level":"info","line":"server/handler.go:60","msg":"[admin] user login successfully","time":"2021-06-25T17:28:14+08:00","userName":"admin"}
{"level":"info","line":"server/userHandler.go:280","msg":"[admin] user logout successfully","time":"2021-06-25T17:28:44+08:00","userName":"admin"}
{"level":"error","line":"server/userHandler.go:48","msg":"password must have at least one numeric character","time":"2021-06-25T17:29:01+08:00"}
{"level":"info","line":"server/userHandler.go:85","msg":"[user1] user account created successfully","time":"2021-06-25T17:29:11+08:00","userName":"user1"}
{"createdBy":"userFN userLN","createdDT":"2021-06-25T17:30:18.34876+08:00","level":"info","line":"server/requestHandler.go:120","msg":"Request successfully added","repID":1,"reqDetails":{"RequestDescription":"get chocolate ","ToCompleteBy":"2021-06-26T09:30:00+08:00","FulfilAt":"7 Flora Rd"},"time":"2021-06-25T17:30:18+08:00"}
{"createdBy":"userFN userLN","createdDT":"2021-06-25T17:31:23.142001+08:00","level":"info","line":"server/requestHandler.go:120","msg":"Request successfully added","repID":1,"reqDetails":{"RequestDescription":"Change chimney","ToCompleteBy":"2021-06-26T19:32:00+08:00","FulfilAt":"test"},"time":"2021-06-25T17:31:23+08:00"}
{"createdBy":"userFN userLN","createdDT":"2021-06-25T17:31:49.697111+08:00","level":"info","line":"server/requestHandler.go:120","msg":"Request successfully added","repID":1,"reqDetails":{"RequestDescription":"nothing","ToCompleteBy":"2021-06-30T20:31:00+08:00","FulfilAt":"nil"},"time":"2021-06-25T17:31:49+08:00"}
{"createdBy":"userFN userLN","createdDT":"2021-06-25T17:33:29.034957+08:00","level":"info","line":"server/requestHandler.go:120","msg":"Request successfully added","repID":1,"reqDetails":{"RequestDescription":"should be 8","ToCompleteBy":"2021-06-25T18:33:00+08:00","FulfilAt":"nil"},"time":"2021-06-25T17:33:29+08:00"}
{"level":"info","line":"server/handler.go:60","msg":"[admin] user login successfully","time":"2021-06-25T18:21:06+08:00","userName":"admin"}
{"level":"info","line":"server/userHandler.go:280","msg":"[admin] user logout successfully","time":"2021-06-25T18:21:21+08:00","userName":"admin"}
{"level":"info","line":"server/userHandler.go:85","msg":"[user1] user account created successfully","time":"2021-06-25T18:21:46+08:00","userName":"user1"}
{"level":"info","line":"server/handler.go:60","msg":"[admin] user login successfully","time":"2021-06-25T20:34:38+08:00","userName":"admin"}
{"level":"info","line":"server/handler.go:60","msg":"[admin] user login successfully","time":"2021-06-25T20:35:27+08:00","userName":"admin"}
{"level":"info","line":"server/handler.go:60","msg":"[admin] user login successfully","time":"2021-06-25T20:36:26+08:00","userName":"admin"}
{"level":"info","line":"server/handler.go:60","msg":"[admin] user login successfully","time":"2021-06-25T21:23:21+08:00","userName":"admin"}
{"level":"info","line":"server/handler.go:60","msg":"[admin] user login successfully","time":"2021-06-25T21:34:57+08:00","userName":"admin"}
{"level":"info","line":"server/handler.go:60","msg":"[admin] user login successfully","time":"2021-06-25T21:36:17+08:00","userName":"admin"}
{"level":"info","line":"server/handler.go:60","msg":"[admin] user login successfully","time":"2021-06-25T21:37:43+08:00","userName":"admin"}
{"level":"info","line":"server/handler.go:60","msg":"[admin] user login successfully","time":"2021-06-25T21:38:09+08:00","userName":"admin"}
{"level":"info","line":"server/handler.go:60","msg":"[admin] user login successfully","time":"2021-06-25T21:41:06+08:00","userName":"admin"}
{"level":"info","line":"server/handler.go:60","msg":"[admin] user login successfully","time":"2021-06-25T21:55:20+08:00","userName":"admin"}
{"level":"info","line":"server/handler.go:60","msg":"[admin] user login successfully","time":"2021-06-25T21:56:12+08:00","userName":"admin"}
{"level":"info","line":"server/handler.go:60","msg":"[admin] user login successfully","time":"2021-06-25T21:57:41+08:00","userName":"admin"}
{"level":"info","line":"server/handler.go:60","msg":"[admin] user login successfully","time":"2021-06-25T22:03:32+08:00","userName":"admin"}
{"level":"info","line":"server/handler.go:60","msg":"[admin] user login successfully","time":"2021-06-25T22:05:09+08:00","userName":"admin"}
{"level":"info","line":"server/handler.go:60","msg":"[admin] user login successfully","time":"2021-06-25T22:07:16+08:00","userName":"admin"}
{"level":"info","line":"server/handler.go:60","msg":"[admin] user login successfully","time":"2021-06-25T22:11:16+08:00","userName":"admin"}
{"level":"info","line":"server/handler.go:60","msg":"[admin] user login successfully","time":"2021-06-25T22:13:07+08:00","userName":"admin"}
{"level":"info","line":"server/handler.go:60","msg":"[admin] user login successfully","time":"2021-06-25T22:13:30+08:00","userName":"admin"}
{"level":"info","line":"server/handler.go:60","msg":"[admin] user login successfully","time":"2021-06-25T22:14:17+08:00","userName":"admin"}
{"level":"info","line":"server/userHandler.go:280","msg":"[admin] user logout successfully","time":"2021-06-25T22:14:26+08:00","userName":"admin"}
{"level":"info","line":"server/userHandler.go:85","msg":"[user1] user account created successfully","time":"2021-06-25T22:15:07+08:00","userName":"user1"}
{"level":"info","line":"server/handler.go:60","msg":"[admin] user login successfully","time":"2021-06-25T22:32:34+08:00","userName":"admin"}
{"deleteDT":"2021-06-25T22:32:45.26421+08:00","description":"","level":"info","line":"server/requestHandler.go:207","msg":"Request successfully deleted","recipient":"","repID":5221,"requestID":0,"time":"2021-06-25T22:32:45+08:00"}
{"deleteDT":"2021-06-25T22:32:45.273528+08:00","description":"","level":"info","line":"server/requestHandler.go:207","msg":"Request successfully deleted","recipient":"","repID":5221,"requestID":0,"time":"2021-06-25T22:32:45+08:00"}
{"level":"info","line":"server/handler.go:60","msg":"[admin] user login successfully","time":"2021-06-25T22:42:01+08:00","userName":"admin"}
{"deleteDT":"2021-06-25T22:42:08.924876+08:00","description":"","level":"info","line":"server/requestHandler.go:209","msg":"Request successfully deleted","recipient":"","repID":5221,"requestID":0,"time":"2021-06-25T22:42:08+08:00"}
{"deleteDT":"2021-06-25T22:42:37.860686+08:00","description":"","level":"info","line":"server/requestHandler.go:209","msg":"Request successfully deleted","recipient":"","repID":5221,"requestID":0,"time":"2021-06-25T22:42:37+08:00"}
{"deleteDT":"2021-06-25T22:42:37.866726+08:00","description":"","level":"info","line":"server/requestHandler.go:209","msg":"Request successfully deleted","recipient":"","repID":5221,"requestID":0,"time":"2021-06-25T22:42:37+08:00"}
{"deleteDT":"2021-06-25T22:42:37.875405+08:00","description":"","level":"info","line":"server/requestHandler.go:209","msg":"Request successfully deleted","recipient":"","repID":5221,"requestID":0,"time":"2021-06-25T22:42:37+08:00"}
{"level":"info","line":"server/handler.go:60","msg":"[admin] user login successfully","time":"2021-06-25T22:45:41+08:00","userName":"admin"}
{"deleteDT":"2021-06-25T22:45:48.458914+08:00","description":"do nothing","level":"info","line":"server/requestHandler.go:206","msg":"Request successfully deleted","recipient":"Fletcher","repID":5221,"requestID":5,"time":"2021-06-25T22:45:48+08:00"}
{"deleteDT":"2021-06-25T22:45:48.476926+08:00","description":"get chocolate ","level":"info","line":"server/requestHandler.go:206","msg":"Request successfully deleted","recipient":"Fletcher","repID":5221,"requestID":1,"time":"2021-06-25T22:45:48+08:00"}
{"level":"info","line":"server/handler.go:62","msg":"[admin] user login successfully","time":"2021-06-25T00:43:04+08:00","userName":"admin"}
{"level":"info","line":"server/handler.go:62","msg":"[admin] user login successfully","time":"2021-06-25T00:44:16+08:00","userName":"admin"}
{"level":"info","line":"server/handler.go:62","msg":"[admin] user login successfully","time":"2021-06-25T00:55:42+08:00","userName":"admin"}
{"level":"info","line":"server/handler.go:62","msg":"[admin] user login successfully","time":"2021-06-25T01:00:27+08:00","userName":"admin"}
{"level":"info","line":"server/handler.go:62","msg":"[admin] user login successfully","time":"2021-06-25T01:02:07+08:00","userName":"admin"}
{"level":"info","line":"server/handler.go:62","msg":"[admin] user login successfully","time":"2021-06-25T01:05:16+08:00","userName":"admin"}
{"level":"info","line":"server/userHandler.go:284","msg":"[admin] user account updated successfully","time":"2021-06-25T01:05:29+08:00","userName":"admin"}
{"level":"error","line":"server/userHandler.go:258","msg":"first name cannot be blank","time":"2021-06-25T01:05:35+08:00"}
{"level":"info","line":"server/handler.go:62","msg":"[admin] user login successfully","time":"2021-06-25T01:09:40+08:00","userName":"admin"}
{"level":"error","line":"server/userHandler.go:262","msg":"first name cannot be blank","time":"2021-06-25T01:09:46+08:00"}
{"level":"error","line":"server/userHandler.go:262","msg":"last name cannot be blank","time":"2021-06-25T01:09:55+08:00"}
{"level":"error","line":"server/userHandler.go:262","msg":"last name cannot be blank","time":"2021-06-25T01:09:59+08:00"}
{"level":"error","line":"server/userHandler.go:262","msg":"last name cannot be blank","time":"2021-06-25T01:10:02+08:00"}
{"level":"error","line":"server/userHandler.go:262","msg":"last name cannot be blank","time":"2021-06-25T01:10:02+08:00"}
{"level":"error","line":"server/userHandler.go:262","msg":"last name cannot be blank","time":"2021-06-25T01:10:05+08:00"}
{"level":"error","line":"server/userHandler.go:262","msg":"last name cannot be blank","time":"2021-06-25T01:10:06+08:00"}
{"level":"error","line":"server/userHandler.go:262","msg":"last name cannot be blank","time":"2021-06-25T01:10:06+08:00"}
{"level":"error","line":"server/userHandler.go:262","msg":"last name cannot be blank","time":"2021-06-25T01:10:06+08:00"}
{"level":"info","line":"server/userHandler.go:288","msg":"[admin] user account updated successfully","time":"2021-06-25T01:10:11+08:00","userName":"admin"}
{"level":"error","line":"server/userHandler.go:262","msg":"last name cannot be blank","time":"2021-06-25T01:10:19+08:00"}
{"level":"info","line":"server/handler.go:62","msg":"[admin] user login successfully","time":"2021-06-25T01:12:59+08:00","userName":"admin"}
{"level":"error","line":"server/userHandler.go:242","msg":"last name cannot be blank","time":"2021-06-25T01:13:13+08:00"}
{"level":"info","line":"server/handler.go:62","msg":"[admin] user login successfully","time":"2021-06-25T01:15:15+08:00","userName":"admin"}
{"level":"error","line":"server/userHandler.go:244","msg":"last name cannot be blank","time":"2021-06-25T01:15:22+08:00"}
{"level":"error","line":"server/userHandler.go:244","msg":"last name cannot be blank","time":"2021-06-25T01:15:37+08:00"}
{"level":"info","line":"server/userHandler.go:270","msg":"[admin] user account updated successfully","time":"2021-06-25T01:15:48+08:00","userName":"admin"}
{"level":"info","line":"server/userHandler.go:270","msg":"[admin] user account updated successfully","time":"2021-06-25T01:26:47+08:00","userName":"admin"}
{"level":"info","line":"server/userHandler.go:486","msg":"[admin] user logout successfully","time":"2021-06-25T01:26:53+08:00","userName":"admin"}
{"level":"info","line":"server/handler.go:62","msg":"[qpamanda] user login successfully","time":"2021-06-25T01:27:01+08:00","userName":"qpamanda"}
{"level":"info","line":"server/handler.go:62","msg":"[qpamanda] user login successfully","time":"2021-06-25T01:28:08+08:00","userName":"qpamanda"}
{"level":"info","line":"server/handler.go:62","msg":"[qpamanda] user login successfully","time":"2021-06-25T01:30:34+08:00","userName":"qpamanda"}
{"level":"info","line":"server/handler.go:62","msg":"[qpamanda] user login successfully","time":"2021-06-25T01:32:53+08:00","userName":"qpamanda"}
{"level":"info","line":"server/userHandler.go:270","msg":"[qpamanda] user account updated successfully","time":"2021-06-25T01:33:02+08:00","userName":"qpamanda"}
{"level":"info","line":"server/userHandler.go:270","msg":"[qpamanda] user account updated successfully","time":"2021-06-25T01:33:06+08:00","userName":"qpamanda"}
{"level":"info","line":"server/userHandler.go:486","msg":"[qpamanda] user logout successfully","time":"2021-06-25T01:33:11+08:00","userName":"qpamanda"}
{"level":"info","line":"server/handler.go:62","msg":"[admin] user login successfully","time":"2021-06-25T01:33:17+08:00","userName":"admin"}
{"level":"info","line":"server/userHandler.go:270","msg":"[admin] user account updated successfully","time":"2021-06-25T01:33:25+08:00","userName":"admin"}
{"level":"info","line":"server/userHandler.go:486","msg":"[admin] user logout successfully","time":"2021-06-25T01:33:33+08:00","userName":"admin"}
{"level":"error","line":"server/userHandler.go:79","msg":"password cannot be blank","time":"2021-06-25T01:33:40+08:00"}
{"level":"error","line":"server/userHandler.go:79","msg":"password must be between 8 - 25 characters","time":"2021-06-25T01:33:45+08:00"}
{"level":"error","line":"server/userHandler.go:79","msg":"password must be between 8 - 25 characters","time":"2021-06-25T01:34:02+08:00"}
{"level":"error","line":"server/userHandler.go:79","msg":"password must have at least one numeric character","time":"2021-06-25T01:34:09+08:00"}
{"level":"error","line":"server/userHandler.go:79","msg":"confirm password cannot be blank","time":"2021-06-25T01:34:18+08:00"}
{"level":"error","line":"server/userHandler.go:79","msg":"confirm password must be the same as password","time":"2021-06-25T01:34:28+08:00"}
{"level":"error","line":"server/userHandler.go:79","msg":"first name cannot be blank","time":"2021-06-25T01:34:37+08:00"}
{"level":"error","line":"server/userHandler.go:79","msg":"email cannot be blank","time":"2021-06-25T01:34:43+08:00"}
{"level":"info","line":"server/userHandler.go:141","msg":"[mrbrown] user account created successfully","repId":7210,"time":"2021-06-25T01:35:06+08:00","userName":"mrbrown"}
{"level":"error","line":"server/userHandler.go:394","msg":"current password cannot be blank","time":"2021-06-25T01:35:32+08:00"}
{"level":"info","line":"server/handler.go:62","msg":"[admin] user login successfully","time":"2021-06-25T01:41:29+08:00","userName":"admin"}
{"level":"info","line":"server/userHandler.go:483","msg":"[admin] user logout successfully","time":"2021-06-25T01:53:00+08:00","userName":"admin"}
{"level":"info","line":"server/handler.go:62","msg":"[admin] user login successfully","time":"2021-06-25T11:04:41+08:00","userName":"admin"}
{"level":"info","line":"server/userHandler.go:483","msg":"[admin] user logout successfully","time":"2021-06-25T11:06:40+08:00","userName":"admin"}
{"level":"info","line":"server/handler.go:62","msg":"[admin] user login successfully","time":"2021-06-25T11:35:18+08:00","userName":"admin"}
{"level":"info","line":"server/userHandler.go:267","msg":"[admin] user account updated successfully","time":"2021-06-25T11:35:29+08:00","userName":"admin"}
{"level":"error","line":"server/userHandler.go:78","msg":"password must be between 8 - 25 characters","time":"2021-06-25T12:28:48+08:00"}
{"level":"error","line":"server/userHandler.go:78","msg":"confirm password cannot be blank","time":"2021-06-25T12:28:57+08:00"}
{"level":"error","line":"server/userHandler.go:78","msg":"first name cannot be blank","time":"2021-06-25T12:29:04+08:00"}
{"level":"info","line":"server/userHandler.go:140","msg":"[sammy01] user account created successfully","repId":9462,"time":"2021-06-25T12:29:51+08:00","userName":"sammy01"}
{"level":"info","line":"server/userHandler.go:265","msg":"[sammy01] user account updated successfully","time":"2021-06-25T12:29:57+08:00","userName":"sammy01"}
{"level":"info","line":"server/userHandler.go:265","msg":"[sammy01] user account updated successfully","time":"2021-06-25T12:30:02+08:00","userName":"sammy01"}
{"level":"error","line":"server/userHandler.go:342","msg":"password cannot be blank","time":"2021-06-25T12:30:27+08:00"}
{"level":"error","line":"server/userHandler.go:342","msg":"password cannot be blank","time":"2021-06-25T12:30:36+08:00"}
{"level":"info","line":"server/handler.go:62","msg":"[sammy01] user login successfully","time":"2021-06-25T12:31:13+08:00","userName":"sammy01"}
{"level":"error","line":"server/userHandler.go:342","msg":"password cannot be blank","time":"2021-06-25T12:31:19+08:00"}
{"level":"error","line":"server/userHandler.go:342","msg":"password cannot be blank","time":"2021-06-25T12:32:25+08:00"}
{"level":"info","line":"server/userHandler.go:372","msg":"[sammy01] password updated successfully","time":"2021-06-25T12:32:37+08:00","userName":"sammy01"}
{"level":"info","line":"server/userHandler.go:429","msg":"[sammy01] user logout successfully","time":"2021-06-25T12:32:42+08:00","userName":"sammy01"}
{"level":"info","line":"server/handler.go:62","msg":"[sammy01] user login successfully","time":"2021-06-25T12:32:59+08:00","userName":"sammy01"}
