{"level":"info","line":"server/handler.go:61","msg":"[admin] user login successfully","time":"2021-06-24T01:59:02+08:00","userName":"admin"}
{"level":"info","line":"server/userHandler.go:386","msg":"[admin] user logout successfully","time":"2021-06-24T02:05:35+08:00","userName":"admin"}
{"level":"info","line":"server/handler.go:61","msg":"[admin] user login successfully","time":"2021-06-24T02:05:43+08:00","userName":"admin"}
{"level":"info","line":"server/userHandler.go:386","msg":"[admin] user logout successfully","time":"2021-06-24T02:12:39+08:00","userName":"admin"}
{"level":"error","line":"server/userHandler.go:71","msg":"confirm password cannot be blank","time":"2021-06-24T02:13:11+08:00"}
{"level":"error","line":"server/userHandler.go:71","msg":"confirm password must be the same as password","time":"2021-06-24T02:13:42+08:00"}
{"level":"info","line":"server/userHandler.go:136","msg":"[tanahkao] user account created successfully","repId":5549,"time":"2021-06-24T02:13:48+08:00","userName":"tanahkao"}
{"level":"info","line":"server/userHandler.go:386","msg":"[tanahkao] user logout successfully","time":"2021-06-24T02:14:06+08:00","userName":"tanahkao"}
{"level":"error","line":"server/handler.go:42","msg":"username and/or password do not match","time":"2021-06-24T02:14:14+08:00"}
{"level":"error","line":"server/handler.go:42","msg":"username and/or password do not match","time":"2021-06-24T02:14:24+08:00"}
{"level":"info","line":"server/handler.go:61","msg":"[tanahkao] user login successfully","time":"2021-06-24T02:14:33+08:00","userName":"tanahkao"}
{"level":"info","line":"server/handler.go:61","msg":"[tanahkao] user login successfully","time":"2021-06-24T02:14:46+08:00","userName":"tanahkao"}
{"level":"info","line":"server/handler.go:61","msg":"[admin] user login successfully","time":"2021-06-24T09:42:58+08:00","userName":"admin"}
{"level":"info","line":"server/handler.go:61","msg":"[admin] user login successfully","time":"2021-06-24T09:45:58+08:00","userName":"admin"}
{"level":"info","line":"server/handler.go:62","msg":"[admin] user login successfully","time":"2021-06-24T11:59:52+08:00","userName":"admin"}
{"level":"error","line":"server/userHandler.go:240","msg":"password must be between 8 - 25 characters","time":"2021-06-24T12:00:24+08:00"}
{"level":"info","line":"server/handler.go:62","msg":"[admin] user login successfully","time":"2021-06-24T12:03:17+08:00","userName":"admin"}
{"level":"info","line":"server/userHandler.go:266","msg":"[admin] user account updated successfully","time":"2021-06-24T12:03:35+08:00","userName":"admin"}
{"level":"info","line":"server/handler.go:62","msg":"[admin] user login successfully","time":"2021-06-24T12:42:13+08:00","userName":"admin"}
{"level":"info","line":"server/userHandler.go:266","msg":"[admin] user account updated successfully","time":"2021-06-24T12:42:32+08:00","userName":"admin"}
{"level":"info","line":"server/handler.go:62","msg":"[admin] user login successfully","time":"2021-06-24T12:43:29+08:00","userName":"admin"}
{"level":"info","line":"server/handler.go:62","msg":"[admin] user login successfully","time":"2021-06-24T13:22:03+08:00","userName":"admin"}
{"level":"info","line":"server/handler.go:62","msg":"[admin] user login successfully","time":"2021-06-24T13:24:13+08:00","userName":"admin"}
{"level":"info","line":"server/userHandler.go:271","msg":"[admin] user account updated successfully","time":"2021-06-24T13:24:22+08:00","userName":"admin"}
{"level":"info","line":"server/userHandler.go:271","msg":"[admin] user account updated successfully","time":"2021-06-24T13:26:35+08:00","userName":"admin"}
{"level":"info","line":"server/userHandler.go:271","msg":"[admin] user account updated successfully","time":"2021-06-24T13:26:40+08:00","userName":"admin"}
{"level":"info","line":"server/handler.go:62","msg":"[admin] user login successfully","time":"2021-06-24T13:57:42+08:00","userName":"admin"}
{"level":"info","line":"server/handler.go:62","msg":"[admin] user login successfully","time":"2021-06-24T13:58:43+08:00","userName":"admin"}
{"level":"info","line":"server/userHandler.go:455","msg":"[admin] user logout successfully","time":"2021-06-24T14:33:04+08:00","userName":"admin"}
{"level":"error","line":"server/userHandler.go:71","msg":"password cannot be blank","time":"2021-06-24T14:33:17+08:00"}
{"level":"error","line":"server/userHandler.go:71","msg":"password must be between 8 - 25 characters","time":"2021-06-24T14:33:20+08:00"}
{"level":"error","line":"server/userHandler.go:71","msg":"password must have at least one upper case character","time":"2021-06-24T14:33:25+08:00"}
{"level":"error","line":"server/userHandler.go:71","msg":"confirm password cannot be blank","time":"2021-06-24T14:33:38+08:00"}
{"level":"info","line":"server/handler.go:62","msg":"[qpamanda] user login successfully","time":"2021-06-24T15:43:23+08:00","userName":"qpamanda"}
{"level":"info","line":"server/handler.go:62","msg":"[qpamanda] user login successfully","time":"2021-06-24T15:54:04+08:00","userName":"qpamanda"}
{"level":"error","line":"server/userHandler.go:395","msg":"password must be between 8 - 25 characters","time":"2021-06-24T15:54:17+08:00"}
{"level":"error","line":"server/userHandler.go:395","msg":"password must be between 8 - 25 characters","time":"2021-06-24T16:10:57+08:00"}
{"level":"error","line":"server/userHandler.go:395","msg":"password must have at least one upper case character","time":"2021-06-24T16:11:04+08:00"}
{"level":"error","line":"server/userHandler.go:395","msg":"confirm password must be the same as password","time":"2021-06-24T16:11:18+08:00"}
{"level":"error","line":"server/userHandler.go:402","msg":"password is incorrect","time":"2021-06-24T16:11:32+08:00"}
{"level":"info","line":"server/userHandler.go:423","msg":"[qpamanda] password updated successfully","time":"2021-06-24T16:11:41+08:00","userName":"qpamanda"}
{"level":"error","line":"server/handler.go:43","msg":"username and/or password do not match","time":"2021-06-24T16:36:39+08:00"}
{"level":"error","line":"server/handler.go:43","msg":"username and/or password do not match","time":"2021-06-24T16:36:46+08:00"}
{"level":"error","line":"server/handler.go:43","msg":"username and/or password do not match","time":"2021-06-24T16:36:59+08:00"}
{"level":"info","line":"server/handler.go:62","msg":"[qpamanda] user login successfully","time":"2021-06-24T16:37:13+08:00","userName":"qpamanda"}
{"level":"info","line":"server/userHandler.go:266","msg":"[qpamanda] user account updated successfully","time":"2021-06-24T16:37:57+08:00","userName":"qpamanda"}
{"level":"error","line":"server/userHandler.go:395","msg":"confirm password must be the same as password","time":"2021-06-24T16:38:23+08:00"}
{"level":"info","line":"server/userHandler.go:425","msg":"[qpamanda] password updated successfully","time":"2021-06-24T16:38:30+08:00","userName":"qpamanda"}
{"level":"info","line":"server/userHandler.go:482","msg":"[qpamanda] user logout successfully","time":"2021-06-24T16:38:47+08:00","userName":"qpamanda"}
{"level":"error","line":"server/handler.go:43","msg":"username and/or password do not match","time":"2021-06-24T16:38:55+08:00"}
{"level":"error","line":"server/handler.go:43","msg":"username and/or password do not match","time":"2021-06-24T16:39:02+08:00"}
{"level":"info","line":"server/handler.go:62","msg":"[qpamanda] user login successfully","time":"2021-06-24T16:39:13+08:00","userName":"qpamanda"}
{"level":"info","line":"server/handler.go:62","msg":"[qpamanda] user login successfully","time":"2021-06-24T16:43:44+08:00","userName":"qpamanda"}
{"level":"info","line":"server/userHandler.go:425","msg":"[qpamanda] password updated successfully","time":"2021-06-24T16:44:02+08:00","userName":"qpamanda"}
{"level":"info","line":"server/userHandler.go:482","msg":"[qpamanda] user logout successfully","time":"2021-06-24T16:44:07+08:00","userName":"qpamanda"}
{"level":"error","line":"server/handler.go:32","msg":"username and/or password do not match","time":"2021-06-24T16:44:15+08:00"}
{"level":"info","line":"server/handler.go:62","msg":"[qpamanda] user login successfully","time":"2021-06-24T16:44:23+08:00","userName":"qpamanda"}
{"level":"info","line":"server/userHandler.go:482","msg":"[qpamanda] user logout successfully","time":"2021-06-24T16:44:33+08:00","userName":"qpamanda"}
{"level":"info","line":"server/handler.go:62","msg":"[qpamanda] user login successfully","time":"2021-06-24T16:44:41+08:00","userName":"qpamanda"}
{"level":"info","line":"server/handler.go:62","msg":"[admin] user login successfully","time":"2021-06-24T17:23:07+08:00","userName":"admin"}
{"level":"info","line":"server/handler.go:62","msg":"[admin] user login successfully","time":"2021-06-24T17:24:02+08:00","userName":"admin"}
{"level":"info","line":"server/userHandler.go:482","msg":"[admin] user logout successfully","time":"2021-06-24T17:26:54+08:00","userName":"admin"}
{"level":"info","line":"server/handler.go:62","msg":"[admin] user login successfully","time":"2021-06-24T17:35:06+08:00","userName":"admin"}
{"level":"info","line":"server/userHandler.go:482","msg":"[admin] user logout successfully","time":"2021-06-24T17:35:28+08:00","userName":"admin"}
{"level":"error","line":"server/userHandler.go:76","msg":"username cannot be blank","time":"2021-06-24T23:04:53+08:00"}
{"level":"error","line":"server/userHandler.go:76","msg":"username cannot be blank","time":"2021-06-24T23:04:56+08:00"}
{"level":"error","line":"server/userHandler.go:76","msg":"username cannot be blank","time":"2021-06-24T23:04:58+08:00"}
{"level":"error","line":"server/userHandler.go:76","msg":"username cannot be blank","time":"2021-06-24T23:05:00+08:00"}
{"level":"error","line":"server/userHandler.go:76","msg":"password cannot be blank","time":"2021-06-24T23:05:03+08:00"}
{"level":"error","line":"server/userHandler.go:76","msg":"password must be between 8 - 25 characters","time":"2021-06-24T23:05:05+08:00"}
{"level":"info","line":"server/handler.go:62","msg":"[admin] user login successfully","time":"2021-06-24T23:18:19+08:00","userName":"admin"}
{"level":"info","line":"server/handler.go:62","msg":"[admin] user login successfully","time":"2021-06-24T23:21:48+08:00","userName":"admin"}
{"level":"info","line":"server/handler.go:62","msg":"[admin] user login successfully","time":"2021-06-24T23:22:43+08:00","userName":"admin"}
{"level":"info","line":"server/userHandler.go:491","msg":"[admin] user logout successfully","time":"2021-06-24T23:22:55+08:00","userName":"admin"}
{"level":"info","line":"server/handler.go:62","msg":"[admin] user login successfully","time":"2021-06-24T23:24:00+08:00","userName":"admin"}
{"level":"info","line":"server/handler.go:62","msg":"[admin] user login successfully","time":"2021-06-24T23:26:26+08:00","userName":"admin"}
{"level":"info","line":"server/handler.go:62","msg":"[admin] user login successfully","time":"2021-06-24T23:27:38+08:00","userName":"admin"}
{"level":"info","line":"server/handler.go:62","msg":"[admin] user login successfully","time":"2021-06-24T23:30:53+08:00","userName":"admin"}
{"level":"info","line":"server/handler.go:62","msg":"[admin] user login successfully","time":"2021-06-24T23:32:46+08:00","userName":"admin"}
{"level":"info","line":"server/userHandler.go:279","msg":"[admin] user account updated successfully","time":"2021-06-24T23:33:08+08:00","userName":"admin"}
{"level":"info","line":"server/handler.go:62","msg":"[admin] user login successfully","time":"2021-06-24T23:33:55+08:00","userName":"admin"}
{"level":"info","line":"server/handler.go:62","msg":"[admin] user login successfully","time":"2021-06-24T23:34:59+08:00","userName":"admin"}
{"level":"info","line":"server/userHandler.go:279","msg":"[admin] user account updated successfully","time":"2021-06-24T23:35:09+08:00","userName":"admin"}
{"level":"info","line":"server/handler.go:62","msg":"[qpamanda] user login successfully","time":"2021-06-24T23:36:02+08:00","userName":"qpamanda"}
{"level":"info","line":"server/userHandler.go:279","msg":"[qpamanda] user account updated successfully","time":"2021-06-24T23:36:07+08:00","userName":"qpamanda"}
{"level":"info","line":"server/userHandler.go:495","msg":"[qpamanda] user logout successfully","time":"2021-06-24T23:36:08+08:00","userName":"qpamanda"}
{"level":"info","line":"server/handler.go:62","msg":"[admin] user login successfully","time":"2021-06-24T23:36:15+08:00","userName":"admin"}
{"level":"info","line":"server/handler.go:62","msg":"[admin] user login successfully","time":"2021-06-24T23:49:59+08:00","userName":"admin"}
