{"level":"info","line":"server/handler.go:72","msg":"[user1] user login successfully","time":"2021-06-27T00:07:50+08:00","userName":"user1"}
{"level":"info","line":"server/handler.go:72","msg":"[admin] user login successfully","time":"2021-06-27T00:08:26+08:00","userName":"admin"}
{"level":"info","line":"server/handler.go:72","msg":"[admin] user login successfully","time":"2021-06-27T00:09:51+08:00","userName":"admin"}
{"level":"info","line":"server/handler.go:72","msg":"[admin] user login successfully","time":"2021-06-27T00:12:33+08:00","userName":"admin"}
{"level":"info","line":"server/handler.go:72","msg":"[admin] user login successfully","time":"2021-06-27T00:12:45+08:00","userName":"admin"}
{"level":"info","line":"server/handler.go:72","msg":"[admin] user login successfully","time":"2021-06-27T00:30:59+08:00","userName":"admin"}
{"level":"info","line":"server/handler.go:72","msg":"[admin] user login successfully","time":"2021-06-27T00:42:38+08:00","userName":"admin"}
{"level":"info","line":"server/handler.go:74","msg":"[admin] user login successfully","time":"2021-06-27T01:04:03+08:00","userName":"admin"}
{"level":"info","line":"server/handler.go:74","msg":"[admin] user login successfully","time":"2021-06-27T01:04:48+08:00","userName":"admin"}
{"level":"info","line":"server/userHandler.go:593","msg":"[admin] user logout successfully","time":"2021-06-27T01:05:08+08:00","userName":"admin"}
{"level":"info","line":"server/handler.go:73","msg":"[admin] user login successfully","time":"2021-06-27T01:28:47+08:00","userName":"admin"}
{"level":"info","line":"server/handler.go:78","msg":"[admin] user login successfully","time":"2021-06-27T01:38:39+08:00","userName":"admin"}
{"level":"info","line":"server/handler.go:78","msg":"[user1] user login successfully","time":"2021-06-27T01:46:17+08:00","userName":"user1"}
{"level":"info","line":"server/handler.go:80","msg":"[user1] user login successfully","time":"2021-06-27T01:52:31+08:00","userName":"user1"}
{"level":"info","line":"server/handler.go:80","msg":"[admin] user login successfully","time":"2021-06-27T02:09:41+08:00","userName":"admin"}
{"level":"info","line":"server/handler.go:80","msg":"[admin] user login successfully","time":"2021-06-27T02:29:55+08:00","userName":"admin"}
{"level":"info","line":"server/handler.go:80","msg":"[admin] user login successfully","time":"2021-06-27T02:31:49+08:00","userName":"admin"}
{"level":"info","line":"server/handler.go:80","msg":"[admin] user login successfully","time":"2021-06-27T02:32:20+08:00","userName":"admin"}
{"level":"info","line":"server/handler.go:80","msg":"[user1] user login successfully","time":"2021-06-27T02:35:06+08:00","userName":"user1"}
{"level":"info","line":"server/handler.go:80","msg":"[admin] user login successfully","time":"2021-06-27T02:38:30+08:00","userName":"admin"}
{"level":"info","line":"server/handler.go:62","msg":"[admin] user login successfully","time":"2021-06-27T02:52:26+08:00","userName":"admin"}
{"level":"info","line":"server/handler.go:62","msg":"[admin] user login successfully","time":"2021-06-27T02:59:07+08:00","userName":"admin"}
{"level":"info","line":"server/handler.go:66","msg":"[admin] user login successfully","time":"2021-06-27T03:08:21+08:00","userName":"admin"}
{"level":"info","line":"server/userHandler.go:612","msg":"[admin] user logout successfully","time":"2021-06-27T03:08:31+08:00","userName":"admin"}
{"level":"info","line":"server/handler.go:66","msg":"[admin] user login successfully","time":"2021-06-27T03:08:50+08:00","userName":"admin"}
{"level":"info","line":"server/handler.go:69","msg":"[admin] user login successfully","time":"2021-06-27T03:11:12+08:00","userName":"admin"}
{"level":"info","line":"server/handler.go:69","msg":"[user1] user login successfully","time":"2021-06-27T03:13:52+08:00","userName":"user1"}
{"level":"info","line":"server/handler.go:68","msg":"[user1] user login successfully","time":"2021-06-27T03:23:23+08:00","userName":"user1"}
{"level":"info","line":"server/handler.go:68","msg":"[admin] user login successfully","time":"2021-06-27T03:26:35+08:00","userName":"admin"}
{"level":"info","line":"server/userHandler.go:613","msg":"[admin] user logout successfully","time":"2021-06-27T03:26:46+08:00","userName":"admin"}
{"level":"info","line":"server/handler.go:68","msg":"[user1] user login successfully","time":"2021-06-27T03:27:29+08:00","userName":"user1"}
{"level":"info","line":"server/userHandler.go:613","msg":"[user1] user logout successfully","time":"2021-06-27T03:27:52+08:00","userName":"user1"}
{"level":"info","line":"server/userHandler.go:148","msg":"[tester1] user account created successfully","repId":886,"time":"2021-06-27T03:28:41+08:00","userName":"tester1"}
{"level":"info","line":"server/handler.go:74","msg":"[admin] user login successfully","time":"2021-06-27T03:33:34+08:00","userName":"admin"}
{"level":"info","line":"server/handler.go:74","msg":"[admin] user login successfully","time":"2021-06-27T03:34:20+08:00","userName":"admin"}
{"level":"info","line":"server/handler.go:69","msg":"[admin] user login successfully","time":"2021-06-27T03:36:18+08:00","userName":"admin"}
{"level":"info","line":"server/userHandler.go:612","msg":"[admin] user logout successfully","time":"2021-06-27T03:36:44+08:00","userName":"admin"}
{"level":"info","line":"server/handler.go:69","msg":"[tester1] user login successfully","time":"2021-06-27T03:37:00+08:00","userName":"tester1"}
{"level":"info","line":"server/handler.go:70","msg":"[admin] user login successfully","time":"2021-06-27T03:39:25+08:00","userName":"admin"}
{"level":"info","line":"server/handler.go:68","msg":"[admin] user login successfully","time":"2021-06-27T03:40:51+08:00","userName":"admin"}
{"level":"info","line":"server/userHandler.go:278","msg":"[admin] user account updated successfully","time":"2021-06-27T03:41:32+08:00","userName":"admin"}
{"level":"info","line":"server/userHandler.go:612","msg":"[admin] user logout successfully","time":"2021-06-27T03:41:36+08:00","userName":"admin"}
{"email":"qpamanda@gmail.com","level":"info","line":"server/userHandler.go:557","msg":"Reset password email sent","time":"2021-06-27T03:42:29+08:00"}
{"level":"info","line":"server/userHandler.go:490","msg":"[admin] password reset successfully","time":"2021-06-27T03:43:21+08:00","userName":"admin"}
{"level":"info","line":"server/handler.go:68","msg":"[admin] user login successfully","time":"2021-06-27T03:43:28+08:00","userName":"admin"}
{"level":"info","line":"server/userHandler.go:612","msg":"[admin] user logout successfully","time":"2021-06-27T03:44:06+08:00","userName":"admin"}
{"level":"info","line":"server/handler.go:68","msg":"[admin] user login successfully","time":"2021-06-27T03:44:11+08:00","userName":"admin"}
{"level":"info","line":"server/handler.go:68","msg":"[admin] user login successfully","time":"2021-06-27T03:45:15+08:00","userName":"admin"}
{"level":"info","line":"server/userHandler.go:612","msg":"[admin] user logout successfully","time":"2021-06-27T03:45:31+08:00","userName":"admin"}
{"level":"info","line":"server/handler.go:68","msg":"[user1] user login successfully","time":"2021-06-27T03:45:52+08:00","userName":"user1"}
{"level":"info","line":"server/handler.go:68","msg":"[admin] user login successfully","time":"2021-06-27T09:26:06+08:00","userName":"admin"}
{"level":"info","line":"server/userHandler.go:600","msg":"[admin] user logout successfully","time":"2021-06-27T09:27:37+08:00","userName":"admin"}
{"level":"info","line":"server/handler.go:68","msg":"[user1] user login successfully","time":"2021-06-27T09:27:44+08:00","userName":"user1"}
{"level":"info","line":"server/userHandler.go:600","msg":"[user1] user logout successfully","time":"2021-06-27T09:27:56+08:00","userName":"user1"}
{"level":"info","line":"server/userHandler.go:135","msg":"[tester2] user account created successfully","repId":4905,"time":"2021-06-27T09:28:33+08:00","userName":"tester2"}
{"level":"info","line":"server/userHandler.go:600","msg":"[tester2] user logout successfully","time":"2021-06-27T09:28:50+08:00","userName":"tester2"}
{"level":"info","line":"server/handler.go:69","msg":"[admin] user login successfully","time":"2021-06-27T09:31:40+08:00","userName":"admin"}
{"level":"info","line":"server/userHandler.go:600","msg":"[admin] user logout successfully","time":"2021-06-27T09:31:53+08:00","userName":"admin"}
{"level":"info","line":"server/handler.go:69","msg":"[tester2] user login successfully","time":"2021-06-27T09:32:26+08:00","userName":"tester2"}
{"level":"info","line":"server/userHandler.go:600","msg":"[tester2] user logout successfully","time":"2021-06-27T09:32:36+08:00","userName":"tester2"}
{"level":"error","line":"server/handler.go:46","msg":"username and/or password do not match","time":"2021-06-27T09:32:54+08:00"}
{"level":"error","line":"server/handler.go:46","msg":"username and/or password do not match","time":"2021-06-27T09:33:10+08:00"}
{"level":"info","line":"server/handler.go:69","msg":"[tester2] user login successfully","time":"2021-06-27T09:33:24+08:00","userName":"tester2"}
{"level":"info","line":"server/userHandler.go:600","msg":"[tester2] user logout successfully","time":"2021-06-27T09:33:39+08:00","userName":"tester2"}
{"level":"info","line":"server/userHandler.go:135","msg":"[tester3] user account created successfully","repId":2541,"time":"2021-06-27T09:34:28+08:00","userName":"tester3"}
{"level":"info","line":"server/handler.go:61","msg":"[tester2] user login successfully","time":"2021-06-27T09:41:26+08:00","userName":"tester2"}
{"createdBy":"Tester 2","createdDT":"2021-06-27T09:41:29.5309223+08:00","level":"error","line":"server/requestHandler.go:174","msg":"No request added","repID":4905,"time":"2021-06-27T09:41:29+08:00"}
{"level":"info","line":"server/handler.go:61","msg":"[tester1] user login successfully","time":"2021-06-27T09:42:19+08:00","userName":"tester1"}
{"level":"error","line":"server/userHandler.go:453","msg":"password must be between 8 - 25 characters","time":"2021-06-27T09:45:14+08:00"}
{"level":"info","line":"server/userHandler.go:475","msg":"[admin] password reset successfully","time":"2021-06-27T09:45:27+08:00","userName":"admin"}
{"level":"error","line":"server/handler.go:46","msg":"username and/or password do not match","time":"2021-06-27T09:45:39+08:00"}
{"level":"error","line":"server/handler.go:46","msg":"username and/or password do not match","time":"2021-06-27T09:45:45+08:00"}
{"level":"info","line":"server/handler.go:61","msg":"[admin] user login successfully","time":"2021-06-27T09:45:53+08:00","userName":"admin"}
{"level":"info","line":"server/userHandler.go:475","msg":"[admin] password reset successfully","time":"2021-06-27T09:49:05+08:00","userName":"admin"}
{"level":"error","line":"server/handler.go:46","msg":"username and/or password do not match","time":"2021-06-27T09:49:11+08:00"}
{"level":"info","line":"server/handler.go:61","msg":"[admin] user login successfully","time":"2021-06-27T09:49:17+08:00","userName":"admin"}
{"email":"qpapple@yahoo.com","level":"info","line":"server/userHandler.go:544","msg":"Reset password email sent","time":"2021-06-27T10:57:28+08:00"}
{"level":"error","line":"server/userHandler.go:452","msg":"password must have at least one special character","time":"2021-06-27T11:00:16+08:00"}
{"level":"info","line":"server/userHandler.go:474","msg":"[tester1] password reset successfully","time":"2021-06-27T11:00:26+08:00","userName":"tester1"}
{"level":"info","line":"server/handler.go:61","msg":"[tester1] user login successfully","time":"2021-06-27T11:00:35+08:00","userName":"tester1"}
{"level":"info","line":"server/handler.go:61","msg":"[admin] user login successfully","time":"2021-06-27T17:00:22+08:00","userName":"admin"}
{"email":"run4grp2@gmail.com","level":"info","line":"server/userHandler.go:527","msg":"Reset password email sent","time":"2021-06-27T17:02:54+08:00"}
{"level":"info","line":"server/handler.go:61","msg":"[user1] user login successfully","time":"2021-06-27T17:03:13+08:00","userName":"user1"}
{"createdBy":"user one","createdDT":"2021-06-27T17:04:15.645403+08:00","level":"info","line":"server/requestHandler.go:127","msg":"Request successfully added.","repID":2001,"reqDetails":{"RequestDescription":"test222","ToCompleteBy":"2021-06-27T05:04:00+08:00","FulfilAt":"test"},"time":"2021-06-27T17:04:15+08:00"}
{"deleteDT":"2021-06-27T17:04:32.901731+08:00","description":"test222","level":"info","line":"server/requestHandler.go:217","msg":"Request successfully deleted.","recipient":"recipient2","repID":2001,"requestID":6019,"time":"2021-06-27T17:04:32+08:00"}
{"fields.time":"2021-06-27T17:04:36.586592+08:00","level":"info","line":"server/requestHandler.go:235","msg":"No option selected. No requests deleted.","repID":2001,"time":"2021-06-27T17:04:36+08:00"}
{"level":"info","line":"server/handler.go:61","msg":"[user1] user login successfully","time":"2021-06-27T17:05:20+08:00","userName":"user1"}
{"createdBy":"user one","level":"info","line":"server/requestHandler.go:441","msg":"Successfully edited request.","repID":2001,"requestID":6018,"time":"2021-06-27T17:05:38+08:00"}
