{"level":"info","line":"server/handler.go:70","msg":"[admin] user login successfully","time":"2021-07-01T08:05:22+08:00","userName":"admin"}
{"level":"info","line":"server/handler.go:70","msg":"[admin] user login successfully","time":"2021-07-01T08:10:48+08:00","userName":"admin"}
{"level":"info","line":"server/handler.go:70","msg":"[admin] user login successfully","time":"2021-07-01T08:15:16+08:00","userName":"admin"}
{"level":"info","line":"server/userHandler.go:649","msg":"[admin] user logout successfully","time":"2021-07-01T08:17:17+08:00","userName":"admin"}
{"level":"info","line":"server/handler.go:70","msg":"[admin] user login successfully","time":"2021-07-01T08:17:25+08:00","userName":"admin"}
{"level":"info","line":"server/userHandler.go:649","msg":"[admin] user logout successfully","time":"2021-07-01T08:17:34+08:00","userName":"admin"}
{"level":"info","line":"server/handler.go:70","msg":"[admin] user login successfully","time":"2021-07-01T08:17:42+08:00","userName":"admin"}
{"level":"info","line":"server/handler.go:70","msg":"[admin] user login successfully","time":"2021-07-01T08:21:29+08:00","userName":"admin"}
{"level":"info","line":"server/handler.go:70","msg":"[admin] user login successfully","time":"2021-07-01T08:25:57+08:00","userName":"admin"}
{"level":"info","line":"server/handler.go:70","msg":"[admin] user login successfully","time":"2021-07-01T08:26:49+08:00","userName":"admin"}
{"level":"info","line":"server/userHandler.go:649","msg":"[admin] user logout successfully","time":"2021-07-01T08:27:22+08:00","userName":"admin"}
{"level":"info","line":"server/handler.go:70","msg":"[admin] user login successfully","time":"2021-07-01T08:30:38+08:00","userName":"admin"}
{"level":"info","line":"server/handler.go:70","msg":"[admin] user login successfully","time":"2021-07-01T08:45:06+08:00","userName":"admin"}
{"level":"info","line":"server/handler.go:70","msg":"[admin] user login successfully","time":"2021-07-01T08:45:49+08:00","userName":"admin"}
{"level":"error","line":"server/adminHandler.go:36","msg":"Empty Field in creating recipient","time":"2021-07-01T08:45:56+08:00"}
{"level":"info","line":"server/handler.go:70","msg":"[admin] user login successfully","time":"2021-07-01T09:10:16+08:00","userName":"admin"}
{"level":"error","line":"server/adminHandler.go:50","msg":"category not found","time":"2021-07-01T09:10:39+08:00"}
{"level":"info","line":"server/handler.go:70","msg":"[admin] user login successfully","time":"2021-07-01T09:12:32+08:00","userName":"admin"}
{"level":"info","line":"server/adminHandler.go:61","msg":"[admin] get next category id: [%!s(int=2)]","time":"2021-07-01T09:12:48+08:00","userName":"admin"}
{"level":"info","line":"server/handler.go:70","msg":"[admin] user login successfully","time":"2021-07-01T09:15:11+08:00","userName":"admin"}
{"level":"info","line":"server/adminHandler.go:63","msg":"[admin] get next category id: [%!s(int=2)]","time":"2021-07-01T09:15:21+08:00","userName":"admin"}
{"level":"info","line":"server/handler.go:70","msg":"[admin] user login successfully","time":"2021-07-01T09:17:06+08:00","userName":"admin"}
{"level":"info","line":"server/handler.go:70","msg":"[admin] user login successfully","time":"2021-07-01T09:17:52+08:00","userName":"admin"}
{"level":"info","line":"server/adminHandler.go:63","msg":"[admin] get next category id: [%!s(int=3)]","time":"2021-07-01T09:18:02+08:00","userName":"admin"}
{"level":"info","line":"server/adminHandler.go:80","msg":"[admin] created a new recipient: [Delivery]","time":"2021-07-01T09:18:02+08:00","userName":"admin"}
{"level":"info","line":"server/handler.go:70","msg":"[admin] user login successfully","time":"2021-07-01T09:21:07+08:00","userName":"admin"}
{"level":"info","line":"server/handler.go:70","msg":"[admin] user login successfully","time":"2021-07-01T09:30:25+08:00","userName":"admin"}
{"level":"info","line":"server/handler.go:70","msg":"[admin] user login successfully","time":"2021-07-01T09:33:35+08:00","userName":"admin"}
{"level":"info","line":"server/adminHandler.go:63","msg":"[admin] get next category id: [%!s(int=4)]","time":"2021-07-01T09:35:07+08:00","userName":"admin"}
{"level":"info","line":"server/adminHandler.go:80","msg":"[admin] created a new recipient: [Money Donation]","time":"2021-07-01T09:35:07+08:00","userName":"admin"}
{"level":"info","line":"server/handler.go:70","msg":"[admin] user login successfully","time":"2021-07-01T09:36:41+08:00","userName":"admin"}
{"level":"info","line":"server/handler.go:70","msg":"[admin] user login successfully","time":"2021-07-01T09:42:17+08:00","userName":"admin"}
{"createdBy":"Admin Admin","createdDT":"2021-07-01T09:42:51.1713822+08:00","level":"info","line":"server/requestHandler.go:142","msg":"Request successfully added.","repID":5000,"reqDetails":{"RequestDescription":"dwwwerh","ToCompleteBy":"2021-07-02T09:42:00Z","FulfilAt":"Next"},"time":"2021-07-01T09:42:51+08:00"}
{"level":"info","line":"server/handler.go:70","msg":"[admin] user login successfully","time":"2021-07-01T09:45:36+08:00","userName":"admin"}
{"level":"info","line":"server/adminHandler.go:63","msg":"[admin] get next category id: [%!s(int=5)]","time":"2021-07-01T09:46:17+08:00","userName":"admin"}
{"level":"info","line":"server/adminHandler.go:80","msg":"[admin] created a new recipient: [Test]","time":"2021-07-01T09:46:17+08:00","userName":"admin"}
{"level":"info","line":"server/handler.go:70","msg":"[admin] user login successfully","time":"2021-07-01T10:11:06+08:00","userName":"admin"}
{"level":"info","line":"server/categoryHandler.go:49","msg":"[admin] get next category id: [%!s(int=3)]","time":"2021-07-01T10:11:17+08:00","userName":"admin"}
{"level":"info","line":"server/categoryHandler.go:64","msg":"[admin] created a new category: [Test]","time":"2021-07-01T10:11:17+08:00","userName":"admin"}
{"level":"info","line":"server/memberTypeHandler.go:49","msg":"[admin] get next member type id: [%!s(int=4)]","time":"2021-07-01T10:11:38+08:00","userName":"admin"}
{"level":"info","line":"server/memberTypeHandler.go:64","msg":"[admin] created a new member type: [Testing]","time":"2021-07-01T10:11:38+08:00","userName":"admin"}
{"level":"info","line":"server/requestStatusHandler.go:49","msg":"[admin] get next request status id: [%!s(int=3)]","time":"2021-07-01T10:12:35+08:00","userName":"admin"}
{"level":"info","line":"server/requestStatusHandler.go:64","msg":"[admin] created a new request status: [Cancel]","time":"2021-07-01T10:12:35+08:00","userName":"admin"}
{"level":"info","line":"server/userHandler.go:649","msg":"[admin] user logout successfully","time":"2021-07-01T10:16:03+08:00","userName":"admin"}
{"level":"info","line":"server/handler.go:70","msg":"[admin] user login successfully","time":"2021-07-01T11:09:42+08:00","userName":"admin"}
{"level":"info","line":"server/handler.go:70","msg":"[admin] user login successfully","time":"2021-07-01T11:11:33+08:00","userName":"admin"}
{"level":"error","line":"server/categoryHandler.go:96","msg":"No selection made. Please try again.","time":"2021-07-01T11:11:47+08:00"}
{"level":"error","line":"server/categoryHandler.go:96","msg":"No selection made. Please try again.","time":"2021-07-01T11:11:49+08:00"}
{"level":"error","line":"server/categoryHandler.go:96","msg":"No selection made. Please try again.","time":"2021-07-01T11:11:51+08:00"}
{"level":"error","line":"server/categoryHandler.go:96","msg":"No selection made. Please try again.","time":"2021-07-01T11:11:52+08:00"}
{"level":"error","line":"server/categoryHandler.go:96","msg":"No selection made. Please try again.","time":"2021-07-01T11:11:52+08:00"}
{"level":"error","line":"server/categoryHandler.go:96","msg":"No selection made. Please try again.","time":"2021-07-01T11:11:54+08:00"}
{"level":"error","line":"server/categoryHandler.go:96","msg":"No selection made. Please try again.","time":"2021-07-01T11:11:55+08:00"}
{"level":"info","line":"server/handler.go:70","msg":"[admin] user login successfully","time":"2021-07-01T11:14:21+08:00","userName":"admin"}
{"level":"error","line":"server/categoryHandler.go:96","msg":"No selection made. Please try again.","time":"2021-07-01T11:14:26+08:00"}
{"level":"error","line":"server/categoryHandler.go:96","msg":"No selection made. Please try again.","time":"2021-07-01T11:14:27+08:00"}
{"level":"info","line":"server/categoryHandler.go:153","msg":"[admin] created a new category: [Delivery]","time":"2021-07-01T11:14:39+08:00","userName":"admin"}
{"level":"info","line":"server/handler.go:70","msg":"[admin] user login successfully","time":"2021-07-01T11:16:06+08:00","userName":"admin"}
{"level":"error","line":"server/categoryHandler.go:96","msg":"No selection made. Please try again.","time":"2021-07-01T11:16:13+08:00"}
{"level":"error","line":"server/categoryHandler.go:131","msg":"Empty Field in creating category","time":"2021-07-01T11:16:24+08:00"}
{"level":"info","line":"server/categoryHandler.go:153","msg":"[admin] created a new category: [Errand 2]","time":"2021-07-01T11:16:36+08:00","userName":"admin"}
{"level":"info","line":"server/categoryHandler.go:153","msg":"[admin] created a new category: [Errand]","time":"2021-07-01T11:16:50+08:00","userName":"admin"}
{"level":"info","line":"server/userHandler.go:649","msg":"[admin] user logout successfully","time":"2021-07-01T11:17:57+08:00","userName":"admin"}
{"level":"info","line":"server/handler.go:70","msg":"[admin] user login successfully","time":"2021-07-01T14:38:29+08:00","userName":"admin"}
{"level":"error","line":"server/categoryHandler.go:94","msg":"No selection made. Please try again.","time":"2021-07-01T14:38:36+08:00"}
{"level":"info","line":"server/categoryHandler.go:151","msg":"[admin] updated existing category: [Express Delivery]","time":"2021-07-01T14:38:55+08:00","userName":"admin"}
{"level":"info","line":"server/categoryHandler.go:50","msg":"[admin] get next category id: [%!s(int=4)]","time":"2021-07-01T14:39:04+08:00","userName":"admin"}
{"level":"info","line":"server/categoryHandler.go:65","msg":"[admin] created a new category: [Delivery]","time":"2021-07-01T14:39:04+08:00","userName":"admin"}
{"level":"error","line":"server/memberTypeHandler.go:94","msg":"No selection made. Please try again.","time":"2021-07-01T14:39:15+08:00"}
{"level":"info","line":"server/memberTypeHandler.go:151","msg":"[admin] updated existing member type: [Tester]","time":"2021-07-01T14:39:22+08:00","userName":"admin"}
{"level":"info","line":"server/memberTypeHandler.go:50","msg":"[admin] get next member type id: [%!s(int=5)]","time":"2021-07-01T14:39:49+08:00","userName":"admin"}
{"level":"info","line":"server/memberTypeHandler.go:65","msg":"[admin] created a new member type: [Time Lord]","time":"2021-07-01T14:39:49+08:00","userName":"admin"}
{"level":"info","line":"server/handler.go:70","msg":"[admin] user login successfully","time":"2021-07-01T15:44:51+08:00","userName":"admin"}
{"level":"error","line":"server/categoryHandler.go:29","msg":"Empty Field in creating category","time":"2021-07-01T15:45:01+08:00"}
{"level":"info","line":"server/categoryHandler.go:50","msg":"[admin] get next category id: [%!s(int=3)]","time":"2021-07-01T15:45:39+08:00","userName":"admin"}
{"level":"info","line":"server/categoryHandler.go:65","msg":"[admin] created a new category: [Delivery]","time":"2021-07-01T15:45:39+08:00","userName":"admin"}
{"level":"error","line":"server/categoryHandler.go:94","msg":"No selection made. Please try again.","time":"2021-07-01T15:45:48+08:00"}
{"level":"error","line":"server/categoryHandler.go:94","msg":"No selection made. Please try again.","time":"2021-07-01T15:46:46+08:00"}
{"level":"error","line":"server/categoryHandler.go:94","msg":"No selection made. Please try again.","time":"2021-07-01T15:46:48+08:00"}
{"level":"info","line":"server/categoryHandler.go:151","msg":"[admin] updated existing category: [Super Delivery]","time":"2021-07-01T15:47:00+08:00","userName":"admin"}
{"level":"error","line":"server/memberTypeHandler.go:29","msg":"Empty Field in creating member type","time":"2021-07-01T15:47:22+08:00"}
{"level":"info","line":"server/memberTypeHandler.go:50","msg":"[admin] get next member type id: [%!s(int=4)]","time":"2021-07-01T15:47:51+08:00","userName":"admin"}
{"level":"info","line":"server/memberTypeHandler.go:65","msg":"[admin] created a new member type: [Deliver]","time":"2021-07-01T15:47:51+08:00","userName":"admin"}
{"level":"info","line":"server/requestStatusHandler.go:50","msg":"[admin] get next request status id: [%!s(int=3)]","time":"2021-07-01T15:48:13+08:00","userName":"admin"}
{"level":"info","line":"server/requestStatusHandler.go:65","msg":"[admin] created a new request status: [Cancel]","time":"2021-07-01T15:48:13+08:00","userName":"admin"}
{"level":"info","line":"server/handler.go:70","msg":"[admin] user login successfully","time":"2021-07-01T15:49:34+08:00","userName":"admin"}
{"level":"error","line":"server/requestStatusHandler.go:94","msg":"No selection made. Please try again.","time":"2021-07-01T15:49:41+08:00"}
{"level":"info","line":"server/requestStatusHandler.go:151","msg":"[admin] updated existing request status: [Cancelled]","time":"2021-07-01T15:49:50+08:00","userName":"admin"}
{"level":"info","line":"server/userHandler.go:649","msg":"[admin] user logout successfully","time":"2021-07-01T15:50:37+08:00","userName":"admin"}
